2026-03-12 20:17:28 - DebugLogger - INFO - ==================================================
2026-03-12 20:17:28 - DebugLogger - INFO - Запуск приложения
2026-03-12 20:17:28 - DebugLogger - INFO - Версия Python: 3.14.3 (tags/v3.14.3:323c59a, Feb  3 2026, 16:04:56) [MSC v.1944 64 bit (AMD64)]
2026-03-12 20:17:28 - DebugLogger - INFO - Путь к приложению: c:\Projects\client_manager
2026-03-12 20:17:28 - DebugLogger - INFO - ==================================================
2026-03-12 20:17:32 - __main__ - INFO - ==================================================
2026-03-12 20:17:32 - __main__ - INFO - ЗАПУСК ПРИЛОЖЕНИЯ
2026-03-12 20:17:32 - __main__ - INFO - ==================================================
2026-03-12 20:17:33 - database.db_manager - DEBUG - Таблицы созданы или уже существуют
2026-03-12 20:17:36 - gui.frames.clients.base_frame - INFO - Инициализация фрейма клиентов
2026-03-12 20:17:36 - __main__ - INFO - Приложение успешно инициализировано
2026-03-12 20:18:55 - __main__ - INFO - ==================================================
2026-03-12 20:18:55 - __main__ - INFO - ЗАВЕРШЕНИЕ РАБОТЫ
2026-03-12 20:18:55 - __main__ - INFO - ==================================================
2026-03-12 20:30:41 - DebugLogger - INFO - ==================================================
2026-03-12 20:30:41 - DebugLogger - INFO - Запуск приложения
2026-03-12 20:30:41 - DebugLogger - INFO - Версия Python: 3.14.3 (tags/v3.14.3:323c59a, Feb  3 2026, 16:04:56) [MSC v.1944 64 bit (AMD64)]
2026-03-12 20:30:41 - DebugLogger - INFO - Путь к приложению: c:\Projects\client_manager
2026-03-12 20:30:41 - DebugLogger - INFO - ==================================================
2026-03-12 20:32:39 - DebugLogger - INFO - ==================================================
2026-03-12 20:32:39 - DebugLogger - INFO - Запуск приложения
2026-03-12 20:32:39 - DebugLogger - INFO - Версия Python: 3.14.3 (tags/v3.14.3:323c59a, Feb  3 2026, 16:04:56) [MSC v.1944 64 bit (AMD64)]
2026-03-12 20:32:39 - DebugLogger - INFO - Путь к приложению: c:\Projects\client_manager
2026-03-12 20:32:39 - DebugLogger - INFO - ==================================================
2026-03-12 20:46:51 - DebugLogger - INFO - ==================================================
2026-03-12 20:46:51 - DebugLogger - INFO - Запуск приложения
2026-03-12 20:46:51 - DebugLogger - INFO - Версия Python: 3.14.3 (tags/v3.14.3:323c59a, Feb  3 2026, 16:04:56) [MSC v.1944 64 bit (AMD64)]
2026-03-12 20:46:51 - DebugLogger - INFO - Путь к приложению: c:\Projects\client_manager
2026-03-12 20:46:51 - DebugLogger - INFO - ==================================================
2026-03-12 20:47:44 - DebugLogger - INFO - ==================================================
2026-03-12 20:47:44 - DebugLogger - INFO - Запуск приложения
2026-03-12 20:47:44 - DebugLogger - INFO - Версия Python: 3.14.3 (tags/v3.14.3:323c59a, Feb  3 2026, 16:04:56) [MSC v.1944 64 bit (AMD64)]
2026-03-12 20:47:44 - DebugLogger - INFO - Путь к приложению: c:\Projects\client_manager
2026-03-12 20:47:44 - DebugLogger - INFO - ==================================================
2026-03-12 20:48:06 - DebugLogger - INFO - ==================================================
2026-03-12 20:48:06 - DebugLogger - INFO - Запуск приложения
2026-03-12 20:48:06 - DebugLogger - INFO - Версия Python: 3.14.3 (tags/v3.14.3:323c59a, Feb  3 2026, 16:04:56) [MSC v.1944 64 bit (AMD64)]
2026-03-12 20:48:06 - DebugLogger - INFO - Путь к приложению: c:\Projects\client_manager
2026-03-12 20:48:06 - DebugLogger - INFO - ==================================================
2026-03-12 20:48:43 - DebugLogger - INFO - ==================================================
2026-03-12 20:48:43 - DebugLogger - INFO - Запуск приложения
2026-03-12 20:48:43 - DebugLogger - INFO - Версия Python: 3.14.3 (tags/v3.14.3:323c59a, Feb  3 2026, 16:04:56) [MSC v.1944 64 bit (AMD64)]
2026-03-12 20:48:43 - DebugLogger - INFO - Путь к приложению: c:\Projects\client_manager
2026-03-12 20:48:43 - DebugLogger - INFO - ==================================================
2026-03-12 20:48:59 - DebugLogger - INFO - ==================================================
2026-03-12 20:48:59 - DebugLogger - INFO - Запуск приложения
2026-03-12 20:48:59 - DebugLogger - INFO - Версия Python: 3.14.3 (tags/v3.14.3:323c59a, Feb  3 2026, 16:04:56) [MSC v.1944 64 bit (AMD64)]
2026-03-12 20:48:59 - DebugLogger - INFO - Путь к приложению: c:\Projects\client_manager
2026-03-12 20:48:59 - DebugLogger - INFO - ==================================================
2026-03-12 20:49:16 - DebugLogger - INFO - ==================================================
2026-03-12 20:49:16 - DebugLogger - INFO - Запуск приложения
2026-03-12 20:49:16 - DebugLogger - INFO - Версия Python: 3.14.3 (tags/v3.14.3:323c59a, Feb  3 2026, 16:04:56) [MSC v.1944 64 bit (AMD64)]
2026-03-12 20:49:16 - DebugLogger - INFO - Путь к приложению: c:\Projects\client_manager
2026-03-12 20:49:16 - DebugLogger - INFO - ==================================================
2026-03-12 20:49:16 - __main__ - INFO - ==================================================
2026-03-12 20:49:16 - __main__ - INFO - ЗАПУСК ПРИЛОЖЕНИЯ
2026-03-12 20:49:16 - __main__ - INFO - ==================================================
2026-03-12 20:49:17 - database.core - DEBUG - Таблицы созданы или уже существуют
2026-03-12 20:49:18 - gui.frames.clients.base_frame - INFO - Инициализация фрейма клиентов
2026-03-12 20:49:19 - __main__ - INFO - Приложение успешно инициализировано
2026-03-12 20:56:31 - __main__ - INFO - ==================================================
2026-03-12 20:56:31 - __main__ - INFO - ЗАВЕРШЕНИЕ РАБОТЫ
2026-03-12 20:56:31 - __main__ - INFO - ==================================================
2026-03-12 20:56:32 - DebugLogger - INFO - ==================================================
2026-03-12 20:56:32 - DebugLogger - INFO - Запуск приложения
2026-03-12 20:56:32 - DebugLogger - INFO - Версия Python: 3.14.3 (tags/v3.14.3:323c59a, Feb  3 2026, 16:04:56) [MSC v.1944 64 bit (AMD64)]
2026-03-12 20:56:32 - DebugLogger - INFO - Путь к приложению: c:\Projects\client_manager
2026-03-12 20:56:32 - DebugLogger - INFO - ==================================================
2026-03-12 20:56:32 - __main__ - INFO - ==================================================
2026-03-12 20:56:32 - __main__ - INFO - ЗАПУСК ПРИЛОЖЕНИЯ
2026-03-12 20:56:32 - __main__ - INFO - ==================================================
2026-03-12 20:56:32 - database.core - DEBUG - Таблицы созданы или уже существуют
2026-03-12 20:56:33 - gui.frames.clients.base_frame - INFO - Инициализация фрейма клиентов
2026-03-12 20:56:34 - __main__ - INFO - Приложение успешно инициализировано
2026-03-12 21:00:16 - __main__ - INFO - ==================================================
2026-03-12 21:00:16 - __main__ - INFO - ЗАВЕРШЕНИЕ РАБОТЫ
2026-03-12 21:00:16 - __main__ - INFO - ==================================================
2026-03-12 21:06:06 - DebugLogger - INFO - ==================================================
2026-03-12 21:06:06 - DebugLogger - INFO - Запуск приложения
2026-03-12 21:06:06 - DebugLogger - INFO - Версия Python: 3.14.3 (tags/v3.14.3:323c59a, Feb  3 2026, 16:04:56) [MSC v.1944 64 bit (AMD64)]
2026-03-12 21:06:06 - DebugLogger - INFO - Путь к приложению: c:\Projects\client_manager
2026-03-12 21:06:06 - DebugLogger - INFO - ==================================================
2026-03-12 21:06:06 - __main__ - INFO - ==================================================
2026-03-12 21:06:06 - __main__ - INFO - ЗАПУСК ПРИЛОЖЕНИЯ
2026-03-12 21:06:06 - __main__ - INFO - ==================================================
2026-03-12 21:06:06 - database.core - DEBUG - Таблицы созданы или уже существуют
2026-03-12 21:06:07 - gui.frames.clients.base_frame - INFO - Инициализация фрейма клиентов
2026-03-12 21:06:08 - __main__ - INFO - Приложение успешно инициализировано
2026-03-12 21:08:22 - __main__ - INFO - ==================================================
2026-03-12 21:08:22 - __main__ - INFO - ЗАВЕРШЕНИЕ РАБОТЫ
2026-03-12 21:08:22 - __main__ - INFO - ==================================================
2026-03-12 21:08:56 - DebugLogger - INFO - ==================================================
2026-03-12 21:08:56 - DebugLogger - INFO - Запуск приложения
2026-03-12 21:08:56 - DebugLogger - INFO - Версия Python: 3.14.3 (tags/v3.14.3:323c59a, Feb  3 2026, 16:04:56) [MSC v.1944 64 bit (AMD64)]
2026-03-12 21:08:56 - DebugLogger - INFO - Путь к приложению: c:\Projects\client_manager
2026-03-12 21:08:56 - DebugLogger - INFO - ==================================================
2026-03-12 21:08:56 - __main__ - INFO - ==================================================
2026-03-12 21:08:56 - __main__ - INFO - ЗАПУСК ПРИЛОЖЕНИЯ
2026-03-12 21:08:56 - __main__ - INFO - ==================================================
2026-03-12 21:08:56 - database.core - DEBUG - Таблицы созданы или уже существуют
2026-03-12 21:08:57 - gui.frames.clients.base_frame - INFO - Инициализация фрейма клиентов
2026-03-12 21:08:58 - __main__ - INFO - Приложение успешно инициализировано
2026-03-12 21:11:32 - __main__ - INFO - ==================================================
2026-03-12 21:11:32 - __main__ - INFO - ЗАВЕРШЕНИЕ РАБОТЫ
2026-03-12 21:11:32 - __main__ - INFO - ==================================================
2026-03-12 21:11:41 - DebugLogger - INFO - ==================================================
2026-03-12 21:11:41 - DebugLogger - INFO - Запуск приложения
2026-03-12 21:11:41 - DebugLogger - INFO - Версия Python: 3.14.3 (tags/v3.14.3:323c59a, Feb  3 2026, 16:04:56) [MSC v.1944 64 bit (AMD64)]
2026-03-12 21:11:41 - DebugLogger - INFO - Путь к приложению: c:\Projects\client_manager
2026-03-12 21:11:41 - DebugLogger - INFO - ==================================================
2026-03-12 21:11:42 - __main__ - INFO - ==================================================
2026-03-12 21:11:42 - __main__ - INFO - ЗАПУСК ПРИЛОЖЕНИЯ
2026-03-12 21:11:42 - __main__ - INFO - ==================================================
2026-03-12 21:11:42 - database.core - DEBUG - Таблицы созданы или уже существуют
2026-03-12 21:11:43 - gui.frames.clients.base_frame - INFO - Инициализация фрейма клиентов
2026-03-12 21:11:43 - __main__ - INFO - Приложение успешно инициализировано
2026-03-12 21:18:21 - __main__ - INFO - ==================================================
2026-03-12 21:18:21 - __main__ - INFO - ЗАВЕРШЕНИЕ РАБОТЫ
2026-03-12 21:18:21 - __main__ - INFO - ==================================================
2026-03-12 21:18:30 - DebugLogger - INFO - ==================================================
2026-03-12 21:18:30 - DebugLogger - INFO - Запуск приложения
2026-03-12 21:18:30 - DebugLogger - INFO - Версия Python: 3.14.3 (tags/v3.14.3:323c59a, Feb  3 2026, 16:04:56) [MSC v.1944 64 bit (AMD64)]
2026-03-12 21:18:30 - DebugLogger - INFO - Путь к приложению: c:\Projects\client_manager
2026-03-12 21:18:30 - DebugLogger - INFO - ==================================================
2026-03-12 21:18:30 - __main__ - INFO - ==================================================
2026-03-12 21:18:30 - __main__ - INFO - ЗАПУСК ПРИЛОЖЕНИЯ
2026-03-12 21:18:30 - __main__ - INFO - ==================================================
2026-03-12 21:18:30 - database.core - DEBUG - Таблицы созданы или уже существуют
2026-03-12 21:18:31 - gui.frames.clients.base_frame - INFO - Инициализация фрейма клиентов
2026-03-12 21:18:32 - __main__ - INFO - Приложение успешно инициализировано
2026-03-12 21:34:49 - __main__ - INFO - ==================================================
2026-03-12 21:34:49 - __main__ - INFO - ЗАВЕРШЕНИЕ РАБОТЫ
2026-03-12 21:34:49 - __main__ - INFO - ==================================================
2026-03-12 21:34:50 - DebugLogger - INFO - ==================================================
2026-03-12 21:34:50 - DebugLogger - INFO - Запуск приложения
2026-03-12 21:34:50 - DebugLogger - INFO - Версия Python: 3.14.3 (tags/v3.14.3:323c59a, Feb  3 2026, 16:04:56) [MSC v.1944 64 bit (AMD64)]
2026-03-12 21:34:50 - DebugLogger - INFO - Путь к приложению: c:\Projects\client_manager
2026-03-12 21:34:50 - DebugLogger - INFO - ==================================================
2026-03-12 21:34:51 - __main__ - INFO - ==================================================
2026-03-12 21:34:51 - __main__ - INFO - ЗАПУСК ПРИЛОЖЕНИЯ
2026-03-12 21:34:51 - __main__ - INFO - ==================================================
2026-03-12 21:34:51 - database.core - DEBUG - Таблицы созданы или уже существуют
2026-03-12 21:34:52 - gui.frames.clients.base_frame - INFO - Инициализация фрейма клиентов
2026-03-12 21:34:52 - __main__ - INFO - Приложение успешно инициализировано
2026-03-12 21:35:51 - __main__ - INFO - ==================================================
2026-03-12 21:35:51 - __main__ - INFO - ЗАВЕРШЕНИЕ РАБОТЫ
2026-03-12 21:35:51 - __main__ - INFO - ==================================================
2026-03-12 21:37:39 - DebugLogger - INFO - ==================================================
2026-03-12 21:37:39 - DebugLogger - INFO - Запуск приложения
2026-03-12 21:37:39 - DebugLogger - INFO - Версия Python: 3.14.3 (tags/v3.14.3:323c59a, Feb  3 2026, 16:04:56) [MSC v.1944 64 bit (AMD64)]
2026-03-12 21:37:39 - DebugLogger - INFO - Путь к приложению: c:\Projects\client_manager
2026-03-12 21:37:39 - DebugLogger - INFO - ==================================================
2026-03-12 21:37:39 - __main__ - INFO - ==================================================
2026-03-12 21:37:39 - __main__ - INFO - ЗАПУСК ПРИЛОЖЕНИЯ
2026-03-12 21:37:39 - __main__ - INFO - ==================================================
2026-03-12 21:37:39 - database.core - DEBUG - Таблицы созданы или уже существуют
2026-03-12 21:37:41 - gui.frames.clients.base_frame - INFO - Инициализация фрейма клиентов
2026-03-12 21:37:42 - __main__ - INFO - Приложение успешно инициализировано
2026-03-12 21:38:04 - __main__ - INFO - ==================================================
2026-03-12 21:38:04 - __main__ - INFO - ЗАВЕРШЕНИЕ РАБОТЫ
2026-03-12 21:38:04 - __main__ - INFO - ==================================================
2026-03-12 21:42:17 - DebugLogger - INFO - ==================================================
2026-03-12 21:42:17 - DebugLogger - INFO - Запуск приложения
2026-03-12 21:42:17 - DebugLogger - INFO - Версия Python: 3.14.3 (tags/v3.14.3:323c59a, Feb  3 2026, 16:04:56) [MSC v.1944 64 bit (AMD64)]
2026-03-12 21:42:17 - DebugLogger - INFO - Путь к приложению: c:\Projects\client_manager
2026-03-12 21:42:17 - DebugLogger - INFO - ==================================================
2026-03-12 21:42:18 - __main__ - INFO - ==================================================
2026-03-12 21:42:18 - __main__ - INFO - ЗАПУСК ПРИЛОЖЕНИЯ
2026-03-12 21:42:18 - __main__ - INFO - ==================================================
2026-03-12 21:42:18 - database.core - DEBUG - Таблицы созданы или уже существуют
2026-03-12 21:42:19 - gui.frames.clients.base_frame - INFO - Инициализация фрейма клиентов
2026-03-12 21:42:19 - __main__ - INFO - Приложение успешно инициализировано
2026-03-12 21:51:40 - DebugLogger - INFO - ==================================================
2026-03-12 21:51:40 - DebugLogger - INFO - Запуск приложения
2026-03-12 21:51:40 - DebugLogger - INFO - Версия Python: 3.14.3 (tags/v3.14.3:323c59a, Feb  3 2026, 16:04:56) [MSC v.1944 64 bit (AMD64)]
2026-03-12 21:51:40 - DebugLogger - INFO - Путь к приложению: c:\Projects\client_manager
2026-03-12 21:51:40 - DebugLogger - INFO - ==================================================
2026-03-12 21:51:41 - __main__ - INFO - ==================================================
2026-03-12 21:51:41 - __main__ - INFO - ЗАПУСК ПРИЛОЖЕНИЯ
2026-03-12 21:51:41 - __main__ - INFO - ==================================================
2026-03-12 21:51:41 - database.core - DEBUG - Таблицы созданы или уже существуют
2026-03-12 21:51:42 - gui.frames.clients.base_frame - INFO - Инициализация фрейма клиентов
2026-03-12 21:51:43 - __main__ - INFO - Приложение успешно инициализировано
