[2026-03-12 06:15:27] Зарегистрирована тема: emerald
[2026-03-12 06:15:27] Зарегистрирована тема: sapphire
[2026-03-12 06:15:27] Зарегистрирована тема: ruby
[2026-03-12 06:15:27] Зарегистрирована тема: amethyst
[2026-03-12 06:15:27] Зарегистрирована тема: midnight
[2026-03-12 06:15:27] Зарегистрирована тема: sunrise
[2026-03-12 06:15:27] Попытка загрузки конфига из: c:\Projects\client_manager\themes\theme_config.json
[2026-03-12 06:15:27] Файл конфига найден. Размер: 26 байт
[2026-03-12 06:15:27] Содержимое файла: {
  "theme": "emerald"
}
[2026-03-12 06:15:27] Загружена тема из конфига: emerald, сохранено: неизвестно
[2026-03-12 06:15:27] ✅ Тема успешно загружена: emerald
[2026-03-12 06:15:27] Инициализация: текущая тема Base Theme
[2026-03-12 06:15:28] Установлено главное окно
[2026-03-12 06:15:28] Применение сохраненной темы: Base Theme
[2026-03-12 06:15:28] Применение цветов темы: Base Theme
[2026-03-12 06:15:28] Установлен светлый режим
[2026-03-12 06:15:28] Обновление цветов главного окна
[2026-03-12 06:15:28] Обновлен цвет фона главного окна
[2026-03-12 06:15:28] Обновлено 0 фреймов
[2026-03-12 06:15:29] Запрос текущей темы: Base Theme
[2026-03-12 06:15:32] Получен список всех тем: 6 шт.
[2026-03-12 06:15:34] Попытка применить тему: emerald
[2026-03-12 06:15:34] Получена тема: emerald
[2026-03-12 06:15:34] Применение цветов темы: Base Theme
[2026-03-12 06:15:34] Установлен светлый режим
[2026-03-12 06:15:34] Обновление цветов главного окна
[2026-03-12 06:15:34] Обновлен цвет фона главного окна
[2026-03-12 06:15:34] Обновлено 2 фреймов
[2026-03-12 06:15:34] 💾 Тема сохранена в конфиг: emerald
[2026-03-12 06:15:34] ✅ Файл конфига создан: c:\Projects\client_manager\themes\theme_config.json
[2026-03-12 06:15:34] Размер файла: 71 байт
[2026-03-12 06:15:34] ✅ Тема успешно применена: emerald
[2026-03-12 06:15:34] Запрос текущей темы: Base Theme
[2026-03-12 06:15:43] Зарегистрирована тема: emerald
[2026-03-12 06:15:43] Зарегистрирована тема: sapphire
[2026-03-12 06:15:43] Зарегистрирована тема: ruby
[2026-03-12 06:15:43] Зарегистрирована тема: amethyst
[2026-03-12 06:15:43] Зарегистрирована тема: midnight
[2026-03-12 06:15:43] Зарегистрирована тема: sunrise
[2026-03-12 06:15:43] Попытка загрузки конфига из: c:\Projects\client_manager\themes\theme_config.json
[2026-03-12 06:15:43] Файл конфига найден. Размер: 71 байт
[2026-03-12 06:15:43] Содержимое файла: {
  "theme": "emerald",
  "saved_at": "2026-03-12T06:15:34.394779"
}
[2026-03-12 06:15:43] Загружена тема из конфига: emerald, сохранено: 2026-03-12T06:15:34.394779
[2026-03-12 06:15:43] ✅ Тема успешно загружена: emerald
[2026-03-12 06:15:43] Инициализация: текущая тема Base Theme
[2026-03-12 06:15:43] Установлено главное окно
[2026-03-12 06:15:43] Применение сохраненной темы: Base Theme
[2026-03-12 06:15:43] Применение цветов темы: Base Theme
[2026-03-12 06:15:43] Установлен светлый режим
[2026-03-12 06:15:43] Обновление цветов главного окна
[2026-03-12 06:15:43] Обновлен цвет фона главного окна
[2026-03-12 06:15:43] Обновлено 0 фреймов
[2026-03-12 06:15:45] Запрос текущей темы: Base Theme
[2026-03-12 06:17:49] Зарегистрирована тема: emerald
[2026-03-12 06:17:49] Зарегистрирована тема: sapphire
[2026-03-12 06:17:49] Зарегистрирована тема: ruby
[2026-03-12 06:17:49] Зарегистрирована тема: amethyst
[2026-03-12 06:17:49] Зарегистрирована тема: midnight
[2026-03-12 06:17:49] Зарегистрирована тема: sunrise
[2026-03-12 06:17:49] Попытка загрузки конфига из: c:\Projects\client_manager\themes\theme_config.json
[2026-03-12 06:17:49] Файл конфига найден. Размер: 71 байт
[2026-03-12 06:17:49] Содержимое файла: {
  "theme": "emerald",
  "saved_at": "2026-03-12T06:15:34.394779"
}
[2026-03-12 06:17:49] Загружена тема из конфига: emerald, сохранено: 2026-03-12T06:15:34.394779
[2026-03-12 06:17:49] ✅ Тема успешно загружена: emerald
[2026-03-12 06:17:49] Инициализация: текущая тема Base Theme
[2026-03-12 06:17:49] Установлено главное окно
[2026-03-12 06:17:49] Применение сохраненной темы: Base Theme
[2026-03-12 06:17:49] Применение цветов темы: Base Theme
[2026-03-12 06:17:49] Установлен светлый режим
[2026-03-12 06:17:49] Обновление цветов главного окна
[2026-03-12 06:17:49] Обновлен цвет фона главного окна
[2026-03-12 06:17:49] Обновлено 0 фреймов
[2026-03-12 06:17:50] Запрос текущей темы: Base Theme
[2026-03-12 06:17:50] Запрос текущей темы: Base Theme
[2026-03-12 06:17:52] Получен список всех тем: 6 шт.
[2026-03-12 06:17:54] Попытка применить тему: emerald
[2026-03-12 06:17:54] Получена тема: emerald
[2026-03-12 06:17:54] Применение цветов темы: Base Theme
[2026-03-12 06:17:54] Установлен светлый режим
[2026-03-12 06:17:54] Обновление цветов главного окна
[2026-03-12 06:17:54] Обновлен цвет фона главного окна
[2026-03-12 06:17:54] Обновлено 2 фреймов
[2026-03-12 06:17:54] 💾 Тема сохранена в конфиг: emerald
[2026-03-12 06:17:54] ✅ Файл конфига создан: c:\Projects\client_manager\themes\theme_config.json
[2026-03-12 06:17:54] Размер файла: 71 байт
[2026-03-12 06:17:54] ✅ Тема успешно применена: emerald
[2026-03-12 06:17:54] Запрос текущей темы: Base Theme
[2026-03-12 06:18:02] Зарегистрирована тема: emerald
[2026-03-12 06:18:02] Зарегистрирована тема: sapphire
[2026-03-12 06:18:02] Зарегистрирована тема: ruby
[2026-03-12 06:18:02] Зарегистрирована тема: amethyst
[2026-03-12 06:18:02] Зарегистрирована тема: midnight
[2026-03-12 06:18:02] Зарегистрирована тема: sunrise
[2026-03-12 06:18:02] Попытка загрузки конфига из: c:\Projects\client_manager\themes\theme_config.json
[2026-03-12 06:18:02] Файл конфига найден. Размер: 71 байт
[2026-03-12 06:18:02] Содержимое файла: {
  "theme": "emerald",
  "saved_at": "2026-03-12T06:17:54.433362"
}
[2026-03-12 06:18:02] Загружена тема из конфига: emerald, сохранено: 2026-03-12T06:17:54.433362
[2026-03-12 06:18:02] ✅ Тема успешно загружена: emerald
[2026-03-12 06:18:02] Инициализация: текущая тема Base Theme
[2026-03-12 06:18:03] Установлено главное окно
[2026-03-12 06:18:03] Применение сохраненной темы: Base Theme
[2026-03-12 06:18:03] Применение цветов темы: Base Theme
[2026-03-12 06:18:03] Установлен светлый режим
[2026-03-12 06:18:03] Обновление цветов главного окна
[2026-03-12 06:18:03] Обновлен цвет фона главного окна
[2026-03-12 06:18:03] Обновлено 0 фреймов
[2026-03-12 06:18:04] Запрос текущей темы: Base Theme
[2026-03-12 06:18:04] Запрос текущей темы: Base Theme
[2026-03-12 06:20:02] Зарегистрирована тема: emerald
[2026-03-12 06:20:02] Зарегистрирована тема: sapphire
[2026-03-12 06:20:02] Зарегистрирована тема: ruby
[2026-03-12 06:20:02] Зарегистрирована тема: amethyst
[2026-03-12 06:20:02] Зарегистрирована тема: midnight
[2026-03-12 06:20:02] Зарегистрирована тема: sunrise
[2026-03-12 06:20:02] Попытка загрузки конфига из: c:\Projects\client_manager\themes\theme_config.json
[2026-03-12 06:20:02] Файл конфига найден. Размер: 71 байт
[2026-03-12 06:20:02] Содержимое файла: {
  "theme": "emerald",
  "saved_at": "2026-03-12T06:17:54.433362"
}
[2026-03-12 06:20:02] Загружена тема из конфига: emerald, сохранено: 2026-03-12T06:17:54.433362
[2026-03-12 06:20:02] ✅ Тема успешно загружена: emerald
[2026-03-12 06:20:02] Инициализация: текущая тема Base Theme
[2026-03-12 06:20:02] Установлено главное окно
[2026-03-12 06:20:02] Применение сохраненной темы: Base Theme
[2026-03-12 06:20:02] Применение цветов темы: Base Theme
[2026-03-12 06:20:02] Установлен светлый режим
[2026-03-12 06:20:02] Обновление цветов главного окна
[2026-03-12 06:20:02] Обновлен цвет фона главного окна
[2026-03-12 06:20:02] Обновлено 0 фреймов
[2026-03-12 06:20:04] Запрос текущей темы: Base Theme
[2026-03-12 06:20:04] Запрос текущей темы: Base Theme
[2026-03-12 06:20:06] Получен список всех тем: 6 шт.
[2026-03-12 06:20:07] Попытка применить тему: emerald
[2026-03-12 06:20:07] Получена тема: emerald
[2026-03-12 06:20:07] Применение цветов темы: Base Theme
[2026-03-12 06:20:07] Установлен светлый режим
[2026-03-12 06:20:07] Обновление цветов главного окна
[2026-03-12 06:20:07] Обновлен цвет фона главного окна
[2026-03-12 06:20:07] Обновлено 2 фреймов
[2026-03-12 06:20:07] 💾 Тема сохранена в конфиг: emerald
[2026-03-12 06:20:07] ✅ Файл конфига создан: c:\Projects\client_manager\themes\theme_config.json
[2026-03-12 06:20:07] Размер файла: 71 байт
[2026-03-12 06:20:07] ✅ Тема успешно применена: emerald
[2026-03-12 06:20:08] Запрос текущей темы: Base Theme
[2026-03-12 06:20:12] Зарегистрирована тема: emerald
[2026-03-12 06:20:12] Зарегистрирована тема: sapphire
[2026-03-12 06:20:12] Зарегистрирована тема: ruby
[2026-03-12 06:20:12] Зарегистрирована тема: amethyst
[2026-03-12 06:20:12] Зарегистрирована тема: midnight
[2026-03-12 06:20:12] Зарегистрирована тема: sunrise
[2026-03-12 06:20:12] Попытка загрузки конфига из: c:\Projects\client_manager\themes\theme_config.json
[2026-03-12 06:20:12] Файл конфига найден. Размер: 71 байт
[2026-03-12 06:20:12] Содержимое файла: {
  "theme": "emerald",
  "saved_at": "2026-03-12T06:20:07.622504"
}
[2026-03-12 06:20:12] Загружена тема из конфига: emerald, сохранено: 2026-03-12T06:20:07.622504
[2026-03-12 06:20:12] ✅ Тема успешно загружена: emerald
[2026-03-12 06:20:12] Инициализация: текущая тема Base Theme
[2026-03-12 06:20:12] Установлено главное окно
[2026-03-12 06:20:12] Применение сохраненной темы: Base Theme
[2026-03-12 06:20:12] Применение цветов темы: Base Theme
[2026-03-12 06:20:12] Установлен светлый режим
[2026-03-12 06:20:12] Обновление цветов главного окна
[2026-03-12 06:20:12] Обновлен цвет фона главного окна
[2026-03-12 06:20:12] Обновлено 0 фреймов
[2026-03-12 06:20:14] Запрос текущей темы: Base Theme
[2026-03-12 06:20:14] Запрос текущей темы: Base Theme
[2026-03-12 06:23:06] Зарегистрирована тема: emerald
[2026-03-12 06:23:06] Зарегистрирована тема: sapphire
[2026-03-12 06:23:06] Зарегистрирована тема: ruby
[2026-03-12 06:23:06] Зарегистрирована тема: amethyst
[2026-03-12 06:23:06] Зарегистрирована тема: midnight
[2026-03-12 06:23:06] Зарегистрирована тема: sunrise
[2026-03-12 06:23:06] Попытка загрузки конфига из: c:\Projects\client_manager\themes\theme_config.json
[2026-03-12 06:23:06] Файл конфига найден. Размер: 71 байт
[2026-03-12 06:23:06] Содержимое файла: {
  "theme": "emerald",
  "saved_at": "2026-03-12T06:20:07.622504"
}
[2026-03-12 06:23:06] Загружена тема из конфига: emerald, сохранено: 2026-03-12T06:20:07.622504
[2026-03-12 06:23:06] ✅ Тема успешно загружена: emerald
[2026-03-12 06:23:06] Инициализация: текущая тема Base Theme
[2026-03-12 06:23:06] Установлено главное окно
[2026-03-12 06:23:06] Применение сохраненной темы: Base Theme
[2026-03-12 06:23:06] Применение цветов темы: Base Theme
[2026-03-12 06:23:06] Установлен светлый режим
[2026-03-12 06:23:06] Обновление цветов главного окна
[2026-03-12 06:23:06] ⚠️ Ошибка обновления цветов: 'NoneType' object has no attribute 'background'
[2026-03-12 06:23:07] Запрос текущей темы: Base Theme
[2026-03-12 06:23:08] Запрос текущей темы: Base Theme
[2026-03-12 06:23:11] Получен список всех тем: 6 шт.
[2026-03-12 06:23:12] Попытка применить тему: emerald
[2026-03-12 06:23:12] Получена тема: emerald
[2026-03-12 06:23:12] Применение цветов темы: Base Theme
[2026-03-12 06:23:12] Установлен светлый режим
[2026-03-12 06:23:12] Обновление цветов главного окна
[2026-03-12 06:23:12] ⚠️ Ошибка обновления цветов: 'NoneType' object has no attribute 'background'
[2026-03-12 06:23:12] 💾 Тема сохранена в конфиг: emerald
[2026-03-12 06:23:12] ✅ Файл конфига создан: c:\Projects\client_manager\themes\theme_config.json
[2026-03-12 06:23:12] Размер файла: 71 байт
[2026-03-12 06:23:12] ✅ Тема успешно применена: emerald
[2026-03-12 06:23:13] Запрос текущей темы: Base Theme
[2026-03-12 06:23:16] Получен список всех тем: 6 шт.
[2026-03-12 06:23:18] Попытка применить тему: sapphire
[2026-03-12 06:23:18] Получена тема: sapphire
[2026-03-12 06:23:18] Применение цветов темы: Base Theme
[2026-03-12 06:23:18] Установлен светлый режим
[2026-03-12 06:23:18] Обновление цветов главного окна
[2026-03-12 06:23:18] ⚠️ Ошибка обновления цветов: 'NoneType' object has no attribute 'background'
[2026-03-12 06:23:18] 💾 Тема сохранена в конфиг: sapphire
[2026-03-12 06:23:18] ✅ Файл конфига создан: c:\Projects\client_manager\themes\theme_config.json
[2026-03-12 06:23:18] Размер файла: 72 байт
[2026-03-12 06:23:18] ✅ Тема успешно применена: sapphire
[2026-03-12 06:23:18] Запрос текущей темы: Base Theme
[2026-03-12 06:23:43] Зарегистрирована тема: emerald
[2026-03-12 06:23:43] Зарегистрирована тема: sapphire
[2026-03-12 06:23:43] Зарегистрирована тема: ruby
[2026-03-12 06:23:43] Зарегистрирована тема: amethyst
[2026-03-12 06:23:43] Зарегистрирована тема: midnight
[2026-03-12 06:23:43] Зарегистрирована тема: sunrise
[2026-03-12 06:23:43] Попытка загрузки конфига из: c:\Projects\client_manager\themes\theme_config.json
[2026-03-12 06:23:43] Файл конфига найден. Размер: 72 байт
[2026-03-12 06:23:43] Содержимое файла: {
  "theme": "sapphire",
  "saved_at": "2026-03-12T06:23:18.075922"
}
[2026-03-12 06:23:43] Загружена тема из конфига: sapphire, сохранено: 2026-03-12T06:23:18.075922
[2026-03-12 06:23:43] ✅ Тема успешно загружена: sapphire
[2026-03-12 06:23:43] Инициализация: текущая тема Base Theme
[2026-03-12 06:23:43] Установлено главное окно
[2026-03-12 06:23:43] Применение сохраненной темы: Base Theme
[2026-03-12 06:23:43] Применение цветов темы: Base Theme
[2026-03-12 06:23:43] Установлен светлый режим
[2026-03-12 06:23:43] Обновление цветов главного окна
[2026-03-12 06:23:43] ⚠️ Ошибка обновления цветов: 'NoneType' object has no attribute 'background'
[2026-03-12 06:23:44] Запрос текущей темы: Base Theme
[2026-03-12 06:23:44] Запрос текущей темы: Base Theme
[2026-03-12 06:24:16] Зарегистрирована тема: emerald
[2026-03-12 06:24:16] Зарегистрирована тема: sapphire
[2026-03-12 06:24:16] Зарегистрирована тема: ruby
[2026-03-12 06:24:16] Зарегистрирована тема: amethyst
[2026-03-12 06:24:16] Зарегистрирована тема: midnight
[2026-03-12 06:24:16] Зарегистрирована тема: sunrise
[2026-03-12 06:24:16] Попытка загрузки конфига из: c:\Projects\client_manager\themes\theme_config.json
[2026-03-12 06:24:16] Файл конфига найден. Размер: 72 байт
[2026-03-12 06:24:16] Содержимое файла: {
  "theme": "sapphire",
  "saved_at": "2026-03-12T06:23:18.075922"
}
[2026-03-12 06:24:16] Загружена тема из конфига: sapphire, сохранено: 2026-03-12T06:23:18.075922
[2026-03-12 06:24:16] ✅ Тема успешно загружена: sapphire
[2026-03-12 06:24:16] Инициализация: текущая тема Base Theme
[2026-03-12 06:24:16] Установлено главное окно
[2026-03-12 06:24:16] Применение сохраненной темы: Base Theme
[2026-03-12 06:24:16] Применение цветов темы: Base Theme
[2026-03-12 06:24:16] Установлен светлый режим
[2026-03-12 06:24:16] Обновление цветов главного окна
[2026-03-12 06:24:16] ⚠️ Ошибка обновления цветов: 'NoneType' object has no attribute 'background'
[2026-03-12 06:24:18] Запрос текущей темы: Base Theme
[2026-03-12 06:24:19] Запрос текущей темы: Base Theme
